<?xml version="1.0" encoding="UTF-8"?>
<testng-results skipped="0" failed="0" ignored="0" total="0" passed="0">
  <reporter-output>
  </reporter-output>
  <suite name="Test" duration-ms="4" started-at="2022-06-23T15:32:42 CDT" finished-at="2022-06-23T15:32:42 CDT">
    <groups>
    </groups>
    <test name="Command line test" duration-ms="4" started-at="2022-06-23T15:32:42 CDT" finished-at="2022-06-23T15:32:42 CDT">
    </test> <!-- Command line test -->
  </suite> <!-- Test -->
</testng-results>
