<?xml version="1.0" encoding="UTF-8"?>
<!-- Generated by org.testng.reporters.JUnitXMLReporter -->
<testsuite hostname="Akins-MacBook-Pro.local" ignored="0" name="Regression" tests="2" failures="0" timestamp="2022-07-07T15:16:27 CDT" time="26.267" errors="0">
  <testcase name="validateCarFinder" time="5.198" classname="scripts.carvana_scripts.CarvanaTest"/>
  <testcase name="validateInvalidVINSearch" time="10.756" classname="scripts.carvana_scripts.CarvanaTest"/>
</testsuite> <!-- Regression -->
